<?xml version="1.0" encoding="UTF-8" ?>
<testsuite tests="3" failures="0" name="com.dungeonstory.samples.backend.DataServiceTest" time="0.02" errors="0" skipped="0">
  <properties>
[...]
</properties>
  <testcase classname="com.dungeonstory.samples.backend.DataServiceTest" name="testDataServiceCanFetchProducts" time="0.02"/>
  <testcase classname="com.dungeonstory.samples.backend.DataServiceTest" name="testUpdateProduct_updatesTheProduct" time="0"/>
  <testcase classname="com.dungeonstory.samples.backend.DataServiceTest" name="testDataServiceCanFetchCategories" time="0"/>
</testsuite>